[2024-07-28T07:48:28.386+0000] {taskinstance.py:1171} INFO - Dependencies all met for <TaskInstance: download_rocket_launches.download_launches scheduled__2024-07-27T00:00:00+00:00 [queued]>
[2024-07-28T07:48:28.391+0000] {taskinstance.py:1171} INFO - Dependencies all met for <TaskInstance: download_rocket_launches.download_launches scheduled__2024-07-27T00:00:00+00:00 [queued]>
[2024-07-28T07:48:28.392+0000] {taskinstance.py:1368} INFO - 
--------------------------------------------------------------------------------
[2024-07-28T07:48:28.392+0000] {taskinstance.py:1369} INFO - Starting attempt 1 of 1
[2024-07-28T07:48:28.392+0000] {taskinstance.py:1370} INFO - 
--------------------------------------------------------------------------------
[2024-07-28T07:48:28.398+0000] {taskinstance.py:1389} INFO - Executing <Task(BashOperator): download_launches> on 2024-07-27 00:00:00+00:00
[2024-07-28T07:48:28.400+0000] {standard_task_runner.py:52} INFO - Started process 230 to run task
[2024-07-28T07:48:28.403+0000] {standard_task_runner.py:79} INFO - Running: ['***', 'tasks', 'run', 'download_rocket_launches', 'download_launches', 'scheduled__2024-07-27T00:00:00+00:00', '--job-id', '2', '--raw', '--subdir', 'DAGS_FOLDER/rocket.py', '--cfg-path', '/tmp/tmp4whpt1l8', '--error-file', '/tmp/tmpzqquq0jw']
[2024-07-28T07:48:28.404+0000] {standard_task_runner.py:80} INFO - Job 2: Subtask download_launches
[2024-07-28T07:48:28.413+0000] {logging_mixin.py:115} WARNING - /home/***/.local/lib/python3.7/site-packages/***/configuration.py:538 DeprecationWarning: The sql_alchemy_conn option in [core] has been moved to the sql_alchemy_conn option in [database] - the old setting has been used, but please update your config.
[2024-07-28T07:48:28.438+0000] {task_command.py:371} INFO - Running <TaskInstance: download_rocket_launches.download_launches scheduled__2024-07-27T00:00:00+00:00 [running]> on host 82875c12dd4e
[2024-07-28T07:48:28.672+0000] {taskinstance.py:1583} INFO - Exporting the following env vars:
AIRFLOW_CTX_DAG_OWNER=***
AIRFLOW_CTX_DAG_ID=download_rocket_launches
AIRFLOW_CTX_TASK_ID=download_launches
AIRFLOW_CTX_EXECUTION_DATE=2024-07-27T00:00:00+00:00
AIRFLOW_CTX_TRY_NUMBER=1
AIRFLOW_CTX_DAG_RUN_ID=scheduled__2024-07-27T00:00:00+00:00
[2024-07-28T07:48:28.676+0000] {subprocess.py:62} INFO - Tmp dir root location: 
 /tmp
[2024-07-28T07:48:28.677+0000] {subprocess.py:74} INFO - Running command: ['/bin/bash', '-c', "curl -o /Users/joonhyounglee/Develop/workspace/***/data_temp/launches.json -L 'https://ll.thespacedevs.com/2.0.0/launch/upcoming'"]
[2024-07-28T07:48:28.697+0000] {subprocess.py:85} INFO - Output:
[2024-07-28T07:48:28.733+0000] {subprocess.py:92} INFO -   % Total    % Received % Xferd  Average Speed   Time    Time     Time  Current
[2024-07-28T07:48:28.734+0000] {subprocess.py:92} INFO -                                  Dload  Upload   Total   Spent    Left  Speed
[2024-07-28T07:48:29.461+0000] {subprocess.py:92} INFO -   0     0    0     0    0     0      0      0 --:--:-- --:--:-- --:--:--     0  0     0    0     0    0     0      0      0 --:--:-- --:--:-- --:--:--     0  0     0    0     0    0     0      0      0 --:--:-- --:--:-- --:--:--     0
[2024-07-28T07:48:30.354+0000] {subprocess.py:92} INFO -   0 27120    0     0    0     0      0      0 --:--:--  0:00:01 --:--:--     0Warning: Failed to create the file
[2024-07-28T07:48:30.355+0000] {subprocess.py:92} INFO - Warning: /Users/joonhyounglee/Develop/workspace/***/data_temp/launches.json
[2024-07-28T07:48:30.355+0000] {subprocess.py:92} INFO - Warning: : No such file or directory
[2024-07-28T07:48:30.356+0000] {subprocess.py:92} INFO -   5 27120    5  1360    0     0    838      0  0:00:32  0:00:01  0:00:31  664k
[2024-07-28T07:48:30.356+0000] {subprocess.py:92} INFO - curl: (23) Failure writing output to destination
[2024-07-28T07:48:30.357+0000] {subprocess.py:96} INFO - Command exited with return code 23
[2024-07-28T07:48:30.368+0000] {taskinstance.py:1902} ERROR - Task failed with exception
Traceback (most recent call last):
  File "/home/airflow/.local/lib/python3.7/site-packages/airflow/operators/bash.py", line 197, in execute
    f'Bash command failed. The command returned a non-zero exit code {result.exit_code}.'
airflow.exceptions.AirflowException: Bash command failed. The command returned a non-zero exit code 23.
[2024-07-28T07:48:30.371+0000] {taskinstance.py:1412} INFO - Marking task as FAILED. dag_id=download_rocket_launches, task_id=download_launches, execution_date=20240727T000000, start_date=20240728T074828, end_date=20240728T074830
[2024-07-28T07:48:30.377+0000] {standard_task_runner.py:97} ERROR - Failed to execute job 2 for task download_launches (Bash command failed. The command returned a non-zero exit code 23.; 230)
[2024-07-28T07:48:30.400+0000] {local_task_job.py:156} INFO - Task exited with return code 1
[2024-07-28T07:48:30.424+0000] {local_task_job.py:279} INFO - 0 downstream tasks scheduled from follow-on schedule check
[2024-07-28T09:14:30.667+0000] {taskinstance.py:1171} INFO - Dependencies all met for <TaskInstance: download_rocket_launches.download_launches scheduled__2024-07-27T00:00:00+00:00 [queued]>
[2024-07-28T09:14:30.673+0000] {taskinstance.py:1171} INFO - Dependencies all met for <TaskInstance: download_rocket_launches.download_launches scheduled__2024-07-27T00:00:00+00:00 [queued]>
[2024-07-28T09:14:30.673+0000] {taskinstance.py:1368} INFO - 
--------------------------------------------------------------------------------
[2024-07-28T09:14:30.673+0000] {taskinstance.py:1369} INFO - Starting attempt 1 of 1
[2024-07-28T09:14:30.673+0000] {taskinstance.py:1370} INFO - 
--------------------------------------------------------------------------------
[2024-07-28T09:14:30.679+0000] {taskinstance.py:1389} INFO - Executing <Task(BashOperator): download_launches> on 2024-07-27 00:00:00+00:00
[2024-07-28T09:14:30.682+0000] {standard_task_runner.py:52} INFO - Started process 178 to run task
[2024-07-28T09:14:30.683+0000] {standard_task_runner.py:79} INFO - Running: ['***', 'tasks', 'run', 'download_rocket_launches', 'download_launches', 'scheduled__2024-07-27T00:00:00+00:00', '--job-id', '3', '--raw', '--subdir', 'DAGS_FOLDER/rocket.py', '--cfg-path', '/tmp/tmpzmup5g6t', '--error-file', '/tmp/tmpa9hqjaru']
[2024-07-28T09:14:30.684+0000] {standard_task_runner.py:80} INFO - Job 3: Subtask download_launches
[2024-07-28T09:14:30.692+0000] {logging_mixin.py:115} WARNING - /home/***/.local/lib/python3.7/site-packages/***/configuration.py:538 DeprecationWarning: The sql_alchemy_conn option in [core] has been moved to the sql_alchemy_conn option in [database] - the old setting has been used, but please update your config.
[2024-07-28T09:14:30.766+0000] {task_command.py:371} INFO - Running <TaskInstance: download_rocket_launches.download_launches scheduled__2024-07-27T00:00:00+00:00 [running]> on host 8fea9374b6df
[2024-07-28T09:14:30.941+0000] {taskinstance.py:1583} INFO - Exporting the following env vars:
AIRFLOW_CTX_DAG_OWNER=***
AIRFLOW_CTX_DAG_ID=download_rocket_launches
AIRFLOW_CTX_TASK_ID=download_launches
AIRFLOW_CTX_EXECUTION_DATE=2024-07-27T00:00:00+00:00
AIRFLOW_CTX_TRY_NUMBER=1
AIRFLOW_CTX_DAG_RUN_ID=scheduled__2024-07-27T00:00:00+00:00
[2024-07-28T09:14:30.941+0000] {subprocess.py:62} INFO - Tmp dir root location: 
 /tmp
[2024-07-28T09:14:30.942+0000] {subprocess.py:74} INFO - Running command: ['/bin/bash', '-c', "curl -o /Users/joonhyounglee/Develop/data_temp/launches.json -L 'https://ll.thespacedevs.com/2.0.0/launch/upcoming'"]
[2024-07-28T09:14:30.948+0000] {subprocess.py:85} INFO - Output:
[2024-07-28T09:14:30.990+0000] {subprocess.py:92} INFO -   % Total    % Received % Xferd  Average Speed   Time    Time     Time  Current
[2024-07-28T09:14:30.990+0000] {subprocess.py:92} INFO -                                  Dload  Upload   Total   Spent    Left  Speed
[2024-07-28T09:14:31.565+0000] {subprocess.py:92} INFO -   0     0    0     0    0     0      0      0 --:--:-- --:--:-- --:--:--     0  0     0    0     0    0     0      0      0 --:--:-- --:--:-- --:--:--     0  0     0    0     0    0     0      0      0 --:--:-- --:--:-- --:--:--     0
[2024-07-28T09:14:32.659+0000] {subprocess.py:92} INFO -   0     0    0     0    0     0      0      0 --:--:--  0:00:01 --:--:--     0Warning: Failed to create the file
[2024-07-28T09:14:32.661+0000] {subprocess.py:92} INFO - Warning: /Users/joonhyounglee/Develop/data_temp/launches.json: No such file or
[2024-07-28T09:14:32.661+0000] {subprocess.py:92} INFO - Warning: directory
[2024-07-28T09:14:32.662+0000] {subprocess.py:92} INFO -   5 27119    5  1360    0     0    814      0  0:00:33  0:00:01  0:00:32 14782
[2024-07-28T09:14:32.662+0000] {subprocess.py:92} INFO - curl: (23) Failure writing output to destination
[2024-07-28T09:14:32.668+0000] {subprocess.py:96} INFO - Command exited with return code 23
[2024-07-28T09:14:32.689+0000] {taskinstance.py:1902} ERROR - Task failed with exception
Traceback (most recent call last):
  File "/home/airflow/.local/lib/python3.7/site-packages/airflow/operators/bash.py", line 197, in execute
    f'Bash command failed. The command returned a non-zero exit code {result.exit_code}.'
airflow.exceptions.AirflowException: Bash command failed. The command returned a non-zero exit code 23.
[2024-07-28T09:14:32.693+0000] {taskinstance.py:1412} INFO - Marking task as FAILED. dag_id=download_rocket_launches, task_id=download_launches, execution_date=20240727T000000, start_date=20240728T091430, end_date=20240728T091432
[2024-07-28T09:14:32.704+0000] {standard_task_runner.py:97} ERROR - Failed to execute job 3 for task download_launches (Bash command failed. The command returned a non-zero exit code 23.; 178)
[2024-07-28T09:14:32.741+0000] {local_task_job.py:156} INFO - Task exited with return code 1
[2024-07-28T09:14:32.773+0000] {local_task_job.py:279} INFO - 0 downstream tasks scheduled from follow-on schedule check
